<?xml version="1.0" encoding="UTF-8"?>
<testng-results ignored="0" total="2" passed="2" failed="0" skipped="0">
  <reporter-output>
  </reporter-output>
  <suite started-at="2023-05-15T19:07:59 IST" name="Default suite" finished-at="2023-05-15T19:07:59 IST" duration-ms="123">
    <groups>
    </groups>
    <test started-at="2023-05-15T19:07:59 IST" name="Default test" finished-at="2023-05-15T19:07:59 IST" duration-ms="123">
      <class name="streams.streamBasic">
        <test-method signature="normaljava()[pri:0, instance:streams.streamBasic@2805d709]" started-at="2023-05-15T19:07:59 IST" name="normaljava" finished-at="2023-05-15T19:07:59 IST" duration-ms="11" status="PASS">
          <reporter-output>
          </reporter-output>
        </test-method> <!-- normaljava -->
        <test-method signature="stream1()[pri:0, instance:streams.streamBasic@2805d709]" started-at="2023-05-15T19:07:59 IST" name="stream1" finished-at="2023-05-15T19:07:59 IST" duration-ms="29" status="PASS">
          <reporter-output>
          </reporter-output>
        </test-method> <!-- stream1 -->
      </class> <!-- streams.streamBasic -->
    </test> <!-- Default test -->
  </suite> <!-- Default suite -->
</testng-results>
